<?xml version="1.0" encoding="UTF-8"?>
<!-- Generated by org.testng.reporters.JUnitXMLReporter -->
<testsuite ignored="0" hostname="DESKTOP-HR0A1PR" failures="1" tests="2" name="Surefire test" time="21.294" errors="0" timestamp="2023-07-19T17:18:54 IST">
  <testcase classname="io.cucumber.testng.AbstractTestNGCucumberTests" name="runScenario" time="10.512"/>
  <testcase classname="io.cucumber.testng.AbstractTestNGCucumberTests" name="runScenario" time="8.827">
    <failure type="java.lang.AssertionError" message="expected [No data] but found [Beetroot]">
      <![CDATA[java.lang.AssertionError: expected [No data] but found [Beetroot]
at stepDefinitions.OfferPageStepDefinition.validate_if_the_landing_page_product_name_and_offer_page_product_is_same(OfferPageStepDefinition.java:51)
at ✽.Validate if the landing page product name and offer page product is same(file:///D:/eclipse-workspace/RajeshUdemyCucumber/src/test/java/features/searchProduct.feature:11)
... Removed 6 stack frames]]>
    </failure>
  </testcase> <!-- runScenario -->
</testsuite> <!-- Surefire test -->
