<?xml version="1.0" encoding="UTF-8"?>
<testsuite xmlns:xsi="http://www.w3.org/2001/XMLSchema-instance" xsi:noNamespaceSchemaLocation="https://maven.apache.org/surefire/maven-surefire-plugin/xsd/surefire-test-report-3.0.xsd" version="3.0" name="TestSuite" time="21.967" tests="2" errors="0" skipped="0" failures="1">
  <properties>
[...]
</properties>
  <testcase name="runScenario[&quot;Search experience for product search in both home and offer pages&quot;, &quot;Search and place the order for products&quot;](1)" classname="cucumberOptions.TestNGTestRunner" time="10.497">
    <system-out><![CDATA[=============Product name is Tomato
==============================================================================================
Offer product name is Tomato
]]></system-out>
    <system-err><![CDATA[SLF4J: Failed to load class "org.slf4j.impl.StaticLoggerBinder".
SLF4J: Defaulting to no-operation (NOP) logger implementation
SLF4J: See http://www.slf4j.org/codes.html#StaticLoggerBinder for further details.
Jul 19, 2023 5:18:34 PM org.openqa.selenium.remote.service.DriverService$Builder getLogOutput
INFO: Driver logs no longer sent to console by default; https://www.selenium.dev/documentation/webdriver/drivers/service/#setting-log-output
ERROR StatusLogger Log4j2 could not find a logging implementation. Please add log4j-core to the classpath. Using SimpleLogger to log to the console...
]]></system-err>
  </testcase>
  <testcase name="runScenario[&quot;Search experience for product search in both home and offer pages&quot;, &quot;Search and place the order for products&quot;](2)" classname="cucumberOptions.TestNGTestRunner" time="8.827">
    <failure message="expected [No data] but found [Beetroot]" type="java.lang.AssertionError"><![CDATA[java.lang.AssertionError: expected [No data] but found [Beetroot]
	at org.testng.Assert.fail(Assert.java:110)
	at org.testng.Assert.failNotEquals(Assert.java:1577)
	at org.testng.Assert.assertEqualsImpl(Assert.java:149)
	at org.testng.Assert.assertEquals(Assert.java:131)
	at org.testng.Assert.assertEquals(Assert.java:655)
	at org.testng.Assert.assertEquals(Assert.java:665)
	at stepDefinitions.OfferPageStepDefinition.validate_if_the_landing_page_product_name_and_offer_page_product_is_same(OfferPageStepDefinition.java:51)
	at ✽.Validate if the landing page product name and offer page product is same(file:///D:/eclipse-workspace/RajeshUdemyCucumber/src/test/java/features/searchProduct.feature:11)
]]></failure>
    <system-out><![CDATA[=============Product name is Beetroot
==============================================================================================
Offer product name is No data
]]></system-out>
    <system-err><![CDATA[Jul 19, 2023 5:18:44 PM org.openqa.selenium.remote.service.DriverService$Builder getLogOutput
INFO: Driver logs no longer sent to console by default; https://www.selenium.dev/documentation/webdriver/drivers/service/#setting-log-output
]]></system-err>
  </testcase>
</testsuite>