<?xml version="1.0" encoding="UTF-8"?>
<!-- Generated by org.testng.reporters.JUnitReportReporter -->
<testsuite hostname="DESKTOP-HR0A1PR" failures="1" tests="2" name="cucumberOptions.TestNGTestRunner" time="19.339" errors="0" timestamp="2023-07-19T17:18:54 IST" skipped="0">
  <testcase classname="cucumberOptions.TestNGTestRunner" name="runScenario" time="8.827">
    <failure message="expected [No data] but found [Beetroot]" type="java.lang.AssertionError">
      <![CDATA[java.lang.AssertionError: expected [No data] but found [Beetroot]
at org.testng.Assert.fail(Assert.java:110)
at org.testng.Assert.failNotEquals(Assert.java:1577)
at org.testng.Assert.assertEqualsImpl(Assert.java:149)
at org.testng.Assert.assertEquals(Assert.java:131)
at org.testng.Assert.assertEquals(Assert.java:655)
at org.testng.Assert.assertEquals(Assert.java:665)
at stepDefinitions.OfferPageStepDefinition.validate_if_the_landing_page_product_name_and_offer_page_product_is_same(OfferPageStepDefinition.java:51)
at ✽.Validate if the landing page product name and offer page product is same(file:///D:/eclipse-workspace/RajeshUdemyCucumber/src/test/java/features/searchProduct.feature:11)
]]>
    </failure>
  </testcase> <!-- runScenario -->
  <system-out/>
  <testcase classname="cucumberOptions.TestNGTestRunner" name="runScenario" time="10.512"/>
  <system-out/>
</testsuite> <!-- cucumberOptions.TestNGTestRunner -->
